{"total": {"lines":{"total":183,"covered":169,"skipped":0,"pct":92.34},"statements":{"total":183,"covered":169,"skipped":0,"pct":92.34},"functions":{"total":11,"covered":9,"skipped":0,"pct":81.81},"branches":{"total":44,"covered":38,"skipped":0,"pct":86.36},"branchesTrue":{"total":0,"covered":0,"skipped":0,"pct":100}}
,"/app/frontend/src/domain/types.ts": {"lines":{"total":9,"covered":0,"skipped":0,"pct":0},"functions":{"total":1,"covered":0,"skipped":0,"pct":0},"statements":{"total":9,"covered":0,"skipped":0,"pct":0},"branches":{"total":1,"covered":0,"skipped":0,"pct":0}}
,"/app/frontend/src/domain/contact/contactSchema.ts": {"lines":{"total":7,"covered":7,"skipped":0,"pct":100},"functions":{"total":0,"covered":0,"skipped":0,"pct":100},"statements":{"total":7,"covered":7,"skipped":0,"pct":100},"branches":{"total":0,"covered":0,"skipped":0,"pct":100}}
,"/app/frontend/src/domain/mixing/createSessionId.ts": {"lines":{"total":4,"covered":4,"skipped":0,"pct":100},"functions":{"total":1,"covered":1,"skipped":0,"pct":100},"statements":{"total":4,"covered":4,"skipped":0,"pct":100},"branches":{"total":1,"covered":1,"skipped":0,"pct":100}}
,"/app/frontend/src/domain/mixing/rebalanceOutputs.ts": {"lines":{"total":42,"covered":37,"skipped":0,"pct":88.09},"functions":{"total":4,"covered":3,"skipped":0,"pct":75},"statements":{"total":42,"covered":37,"skipped":0,"pct":88.09},"branches":{"total":17,"covered":14,"skipped":0,"pct":82.35}}
,"/app/frontend/src/domain/mixing/validateMixRequest.ts": {"lines":{"total":18,"covered":18,"skipped":0,"pct":100},"functions":{"total":1,"covered":1,"skipped":0,"pct":100},"statements":{"total":18,"covered":18,"skipped":0,"pct":100},"branches":{"total":8,"covered":8,"skipped":0,"pct":100}}
,"/app/frontend/src/domain/pricing/getQuote.ts": {"lines":{"total":23,"covered":23,"skipped":0,"pct":100},"functions":{"total":2,"covered":2,"skipped":0,"pct":100},"statements":{"total":23,"covered":23,"skipped":0,"pct":100},"branches":{"total":8,"covered":6,"skipped":0,"pct":75}}
,"/app/frontend/src/domain/pricing/pricingRules.ts": {"lines":{"total":53,"covered":53,"skipped":0,"pct":100},"functions":{"total":1,"covered":1,"skipped":0,"pct":100},"statements":{"total":53,"covered":53,"skipped":0,"pct":100},"branches":{"total":1,"covered":1,"skipped":0,"pct":100}}
,"/app/frontend/src/domain/session/validateAddress.ts": {"lines":{"total":27,"covered":27,"skipped":0,"pct":100},"functions":{"total":1,"covered":1,"skipped":0,"pct":100},"statements":{"total":27,"covered":27,"skipped":0,"pct":100},"branches":{"total":8,"covered":8,"skipped":0,"pct":100}}
}
