TN:
SF:src/domain/types.ts
FN:1,(empty-report)
FNF:1
FNH:0
FNDA:0,(empty-report)
DA:1,0
DA:4,0
DA:6,0
DA:7,0
DA:8,0
DA:9,0
DA:10,0
DA:11,0
DA:12,0
LF:9
LH:0
BRDA:1,0,0,0
BRF:1
BRH:0
end_of_record
TN:
SF:src/domain/contact/contactSchema.ts
FNF:0
FNH:0
DA:1,1
DA:3,1
DA:4,1
DA:5,1
DA:6,1
DA:7,1
DA:8,1
LF:7
LH:7
BRF:0
BRH:0
end_of_record
TN:
SF:src/domain/mixing/createSessionId.ts
FN:2,createSessionId
FNF:1
FNH:1
FNDA:5,createSessionId
DA:1,1
DA:2,1
DA:3,5
DA:4,5
LF:4
LH:4
BRDA:2,0,0,5
BRF:1
BRH:1
end_of_record
TN:
SF:src/domain/mixing/rebalanceOutputs.ts
FN:4,addOutput
FN:11,removeOutput
FN:22,updateOutputAddress
FN:27,updateOutputPercentage
FNF:4
FNH:3
FNDA:2,addOutput
FNDA:1,removeOutput
FNDA:0,updateOutputAddress
FNDA:1,updateOutputPercentage
DA:3,1
DA:4,1
DA:5,2
DA:6,1
DA:7,1
DA:8,1
DA:10,1
DA:11,1
DA:12,1
DA:13,1
DA:14,1
DA:15,1
DA:16,1
DA:17,1
DA:18,1
DA:19,1
DA:21,1
DA:22,1
DA:23,0
DA:24,0
DA:26,1
DA:27,1
DA:28,1
DA:30,1
DA:31,1
DA:32,1
DA:34,1
DA:35,1
DA:36,2
DA:37,1
DA:38,1
DA:39,1
DA:40,1
DA:41,2
DA:43,1
DA:44,1
DA:45,1
DA:46,0
DA:47,0
DA:48,0
DA:50,1
DA:51,1
LF:42
LH:37
BRDA:4,0,0,2
BRDA:5,1,0,1
BRDA:6,2,0,1
BRDA:11,3,0,1
BRDA:12,4,0,0
BRDA:13,5,0,2
BRDA:14,6,0,1
BRDA:27,7,0,1
BRDA:28,8,0,0
BRDA:35,9,0,2
BRDA:36,10,0,1
BRDA:45,11,0,0
BRDA:30,12,0,2
BRDA:34,13,0,2
BRDA:34,14,0,1
BRDA:34,15,0,1
BRDA:44,16,0,2
BRF:17
BRH:14
end_of_record
TN:
SF:src/domain/mixing/validateMixRequest.ts
FN:9,validateMixRequest
FNF:1
FNH:1
FNDA:4,validateMixRequest
DA:8,1
DA:9,1
DA:10,4
DA:12,4
DA:13,1
DA:14,1
DA:16,4
DA:17,4
DA:18,1
DA:19,1
DA:21,4
DA:22,2
DA:23,2
DA:24,1
DA:25,1
DA:26,2
DA:28,4
DA:29,4
LF:18
LH:18
BRDA:9,0,0,4
BRDA:12,1,0,3
BRDA:12,2,0,1
BRDA:17,3,0,1
BRDA:21,4,0,2
BRDA:23,5,0,1
BRDA:16,6,0,6
BRDA:22,7,0,4
BRF:8
BRH:8
end_of_record
TN:
SF:src/domain/pricing/getQuote.ts
FN:5,getQuote
FN:21,formatCryptoAmount
FNF:2
FNH:2
FNDA:4,getQuote
FNDA:2,formatCryptoAmount
DA:2,1
DA:4,1
DA:5,1
DA:6,4
DA:7,4
DA:8,4
DA:9,4
DA:10,4
DA:11,4
DA:12,4
DA:13,4
DA:14,4
DA:15,4
DA:16,4
DA:17,4
DA:18,4
DA:20,1
DA:21,1
DA:22,2
DA:23,2
DA:24,2
DA:25,1
DA:26,1
LF:23
LH:23
BRDA:5,0,0,4
BRDA:7,1,0,1
BRDA:7,2,0,8
BRDA:21,3,0,2
BRDA:22,4,0,0
BRDA:23,5,0,1
BRDA:24,6,0,0
BRDA:24,7,0,1
BRF:8
BRH:6
end_of_record
TN:
SF:src/domain/pricing/pricingRules.ts
FN:47,getFeeTableRows
FNF:1
FNH:1
FNDA:1,getFeeTableRows
DA:3,1
DA:4,1
DA:5,1
DA:6,1
DA:7,1
DA:8,1
DA:9,1
DA:10,1
DA:11,1
DA:12,1
DA:13,1
DA:14,1
DA:15,1
DA:16,1
DA:17,1
DA:18,1
DA:19,1
DA:20,1
DA:21,1
DA:22,1
DA:23,1
DA:24,1
DA:25,1
DA:26,1
DA:27,1
DA:28,1
DA:29,1
DA:30,1
DA:31,1
DA:32,1
DA:33,1
DA:35,1
DA:37,1
DA:38,1
DA:39,1
DA:40,1
DA:41,1
DA:42,1
DA:43,1
DA:44,1
DA:46,1
DA:47,1
DA:48,1
DA:49,1
DA:50,1
DA:51,1
DA:52,1
DA:53,1
DA:54,1
DA:55,1
DA:56,1
DA:57,1
DA:58,1
LF:53
LH:53
BRDA:47,0,0,1
BRF:1
BRH:1
end_of_record
TN:
SF:src/domain/session/validateAddress.ts
FN:4,validateAddress
FNF:1
FNH:1
FNDA:6,validateAddress
DA:1,1
DA:2,1
DA:4,1
DA:5,6
DA:7,6
DA:8,2
DA:9,1
DA:10,1
DA:11,6
DA:12,2
DA:13,1
DA:14,1
DA:15,2
DA:17,3
DA:18,3
DA:20,1
DA:21,1
DA:22,1
DA:23,1
DA:25,1
DA:26,1
DA:27,1
DA:28,1
DA:30,1
DA:31,1
DA:32,1
DA:33,1
LF:27
LH:27
BRDA:4,0,0,6
BRDA:5,1,0,1
BRDA:5,2,0,5
BRDA:7,3,0,2
BRDA:8,4,0,1
BRDA:11,5,0,3
BRDA:11,6,0,2
BRDA:12,7,0,1
BRF:8
BRH:8
end_of_record
